@storybook/cli v7.0.4

info => Cleaning outputDir: /var/folders/qp/4w0ndxsx53qgt5zs5qw93tc40000gp/T/chromatic--81018-t78IX4ECKHp8
info => Loading presets
info => Building manager..
info => Manager built (99 ms)
info => Compiling preview..
info => Copying static files: /Users/jacobcounsell/Documents/GitHub/ND_Design/node_modules/@storybook/manager/static at /var/folders/qp/4w0ndxsx53qgt5zs5qw93tc40000gp/T/chromatic--81018-t78IX4ECKHp8/sb-common-assets
info Addon-docs: using MDX2
info => Using implicit CSS loaders
info => Using default Webpack5 setup
<s> [webpack.Progress] 0% 

<s> [webpack.Progress] 1% setup before run
<s> [webpack.Progress] 1% setup before run NodeEnvironmentPlugin
<s> [webpack.Progress] 1% setup before run
<s> [webpack.Progress] 2% setup run
<s> [webpack.Progress] 2% setup run
<s> [webpack.Progress] 4% setup normal module factory
<s> [webpack.Progress] 4% setup normal module factory CaseSensitivePathsPlugin
<s> [webpack.Progress] 4% setup normal module factory
<s> [webpack.Progress] 5% setup context module factory
<s> [webpack.Progress] 5% setup context module factory
<s> [webpack.Progress] 6% setup before compile
<s> [webpack.Progress] 6% setup before compile ProgressPlugin
<s> [webpack.Progress] 6% setup before compile
<s> [webpack.Progress] 7% setup compile
<s> [webpack.Progress] 7% setup compile ExternalsPlugin
<s> [webpack.Progress] 7% setup compile ExternalsPlugin
<s> [webpack.Progress] 7% setup compile
<s> [webpack.Progress] 8% setup compilation
<s> [webpack.Progress] 8% setup compilation unplugin-csf
<s> [webpack.Progress] 8% setup compilation ArrayPushCallbackChunkFormatPlugin
<s> [webpack.Progress] 8% setup compilation JsonpChunkLoadingPlugin
<s> [webpack.Progress] 8% setup compilation StartupChunkDependenciesPlugin
<s> [webpack.Progress] 8% setup compilation ImportScriptsChunkLoadingPlugin
<s> [webpack.Progress] 8% setup compilation FetchCompileWasmPlugin
<s> [webpack.Progress] 8% setup compilation FetchCompileAsyncWasmPlugin
<s> [webpack.Progress] 8% setup compilation WorkerPlugin
<s> [webpack.Progress] 8% setup compilation SplitChunksPlugin
<s> [webpack.Progress] 8% setup compilation RuntimeChunkPlugin
<s> [webpack.Progress] 8% setup compilation ResolverCachePlugin
<s> [webpack.Progress] 8% setup compilation HtmlWebpackPlugin
<s> [webpack.Progress] 8% setup compilation
<s> [webpack.Progress] 9% setup compilation
<s> [webpack.Progress] 9% setup compilation DefinePlugin
<s> [webpack.Progress] 9% setup compilation ProvidePlugin
<s> [webpack.Progress] 9% setup compilation ProgressPlugin
<s> [webpack.Progress] 9% setup compilation DocGenPlugin
<s> [webpack.Progress] 9% setup compilation ChunkPrefetchPreloadPlugin
<s> [webpack.Progress] 9% setup compilation SourceMapDevToolPlugin
<s> [webpack.Progress] 9% setup compilation JavascriptModulesPlugin
<s> [webpack.Progress] 9% setup compilation JsonModulesPlugin
<s> [webpack.Progress] 9% setup compilation AssetModulesPlugin
<s> [webpack.Progress] 9% setup compilation EntryPlugin
<s> [webpack.Progress] 9% setup compilation RuntimePlugin
<s> [webpack.Progress] 9% setup compilation InferAsyncModulesPlugin
<s> [webpack.Progress] 9% setup compilation DataUriPlugin
<s> [webpack.Progress] 9% setup compilation FileUriPlugin
<s> [webpack.Progress] 9% setup compilation CompatibilityPlugin
<s> [webpack.Progress] 9% setup compilation HarmonyModulesPlugin
<s> [webpack.Progress] 9% setup compilation AMDPlugin
<s> [webpack.Progress] 9% setup compilation RequireJsStuffPlugin
<s> [webpack.Progress] 9% setup compilation CommonJsPlugin
<s> [webpack.Progress] 9% setup compilation LoaderPlugin
<s> [webpack.Progress] 9% setup compilation LoaderPlugin
<s> [webpack.Progress] 9% setup compilation NodeStuffPlugin
<s> [webpack.Progress] 9% setup compilation APIPlugin
<s> [webpack.Progress] 9% setup compilation ExportsInfoApiPlugin
<s> [webpack.Progress] 9% setup compilation WebpackIsIncludedPlugin
<s> [webpack.Progress] 9% setup compilation ConstPlugin
<s> [webpack.Progress] 9% setup compilation UseStrictPlugin
<s> [webpack.Progress] 9% setup compilation RequireIncludePlugin
<s> [webpack.Progress] 9% setup compilation RequireEnsurePlugin
<s> [webpack.Progress] 9% setup compilation RequireContextPlugin
<s> [webpack.Progress] 9% setup compilation ImportPlugin
<s> [webpack.Progress] 9% setup compilation ImportMetaContextPlugin
<s> [webpack.Progress] 9% setup compilation SystemPlugin
<s> [webpack.Progress] 9% setup compilation ImportMetaPlugin
<s> [webpack.Progress] 9% setup compilation URLPlugin
<s> [webpack.Progress] 9% setup compilation DefaultStatsFactoryPlugin
<s> [webpack.Progress] 9% setup compilation DefaultStatsPresetPlugin
<s> [webpack.Progress] 9% setup compilation DefaultStatsPrinterPlugin
<s> [webpack.Progress] 9% setup compilation JavascriptMetaInfoPlugin
<s> [webpack.Progress] 9% setup compilation EnsureChunkConditionsPlugin
<s> [webpack.Progress] 9% setup compilation RemoveEmptyChunksPlugin
<s> [webpack.Progress] 9% setup compilation MergeDuplicateChunksPlugin
<s> [webpack.Progress] 9% setup compilation FlagIncludedChunksPlugin
<s> [webpack.Progress] 9% setup compilation SideEffectsFlagPlugin
<s> [webpack.Progress] 9% setup compilation FlagDependencyExportsPlugin
<s> [webpack.Progress] 9% setup compilation FlagDependencyUsagePlugin
<s> [webpack.Progress] 9% setup compilation InnerGraphPlugin
<s> [webpack.Progress] 9% setup compilation MangleExportsPlugin
<s> [webpack.Progress] 9% setup compilation ModuleConcatenationPlugin
<s> [webpack.Progress] 9% setup compilation NoEmitOnErrorsPlugin
<s> [webpack.Progress] 9% setup compilation RealContentHashPlugin
<s> [webpack.Progress] 9% setup compilation WasmFinalizeExportsPlugin
<s> [webpack.Progress] 9% setup compilation NamedModuleIdsPlugin
<s> [webpack.Progress] 9% setup compilation DeterministicChunkIdsPlugin
<s> [webpack.Progress] 9% setup compilation DefinePlugin
<s> [webpack.Progress] 9% setup compilation TerserPlugin
<s> [webpack.Progress] 9% setup compilation TemplatedPathPlugin
<s> [webpack.Progress] 9% setup compilation RecordIdsPlugin
<s> [webpack.Progress] 9% setup compilation WarnCaseSensitiveModulesPlugin
<s> [webpack.Progress] 9% setup compilation IgnoreWarningsPlugin
<s> [webpack.Progress] 9% setup compilation
<s> [webpack.Progress] 10% building
<s> [webpack.Progress] 10% building 0/1 entries 0/0 dependencies 0/0 modules
<s> [webpack.Progress] 10% building import loader ./node_modules/babel-loader/lib/index.js
<s> [webpack.Progress] 10% building 0/1 entries 1/1 dependencies 0/1 modules
<s> [webpack.Progress] 10% building 0/1 entries 1/2 dependencies 0/1 modules
<s> [webpack.Progress] 18% building import loader ./node_modules/@storybook/mdx2-csf/loader.js
<s> [webpack.Progress] 18% building 0/1 entries 27/52 dependencies 4/25 modules
<s> [webpack.Progress] 19% building import loader ./node_modules/unplugin/dist/webpack/loaders/transform.js
<s> [webpack.Progress] 19% building 0/1 entries 61/91 dependencies 8/45 modules
<s> [webpack.Progress] 40% building import loader ./node_modules/style-loader/dist/cjs.js
<s> [webpack.Progress] 40% building import loader ./node_modules/css-loader/dist/cjs.js
<s> [webpack.Progress] 40% building 0/1 entries 234/300 dependencies 69/124 modules
<s> [webpack.Progress] 25% building 0/1 entries 1258/1300 dependencies 215/757 modules
<s> [webpack.Progress] 65% building 1/1 entries 3929/3929 dependencies 1546/1546 modules
<s> [webpack.Progress] 65% building
<s> [webpack.Progress] 69% building finish
<s> [webpack.Progress] 69% building finish
<s> [webpack.Progress] 70% sealing finish module graph
<s> [webpack.Progress] 70% sealing finish module graph ResolverCachePlugin
<s> [webpack.Progress] 70% sealing finish module graph InferAsyncModulesPlugin
<s> [webpack.Progress] 70% sealing finish module graph FlagDependencyExportsPlugin
<s> [webpack.Progress] 70% sealing finish module graph InnerGraphPlugin
<s> [webpack.Progress] 70% sealing finish module graph WasmFinalizeExportsPlugin
<s> [webpack.Progress] 70% sealing finish module graph
<s> [webpack.Progress] 70% sealing plugins
<s> [webpack.Progress] 70% sealing plugins DocGenPlugin
<s> [webpack.Progress] 70% sealing plugins WarnCaseSensitiveModulesPlugin
<s> [webpack.Progress] 70% sealing plugins
<s> [webpack.Progress] 71% sealing dependencies optimization
<s> [webpack.Progress] 71% sealing dependencies optimization SideEffectsFlagPlugin
<s> [webpack.Progress] 71% sealing dependencies optimization FlagDependencyUsagePlugin
<s> [webpack.Progress] 71% sealing dependencies optimization
<s> [webpack.Progress] 71% sealing after dependencies optimization
<s> [webpack.Progress] 71% sealing after dependencies optimization
<s> [webpack.Progress] 72% sealing chunk graph
<s> [webpack.Progress] 72% sealing chunk graph
<s> [webpack.Progress] 73% sealing after chunk graph
<s> [webpack.Progress] 73% sealing after chunk graph
<s> [webpack.Progress] 73% sealing optimizing
<s> [webpack.Progress] 73% sealing optimizing
<s> [webpack.Progress] 74% sealing module optimization
<s> [webpack.Progress] 74% sealing module optimization
<s> [webpack.Progress] 75% sealing after module optimization
<s> [webpack.Progress] 75% sealing after module optimization
<s> [webpack.Progress] 75% sealing chunk optimization
<s> [webpack.Progress] 75% sealing chunk optimization EnsureChunkConditionsPlugin
<s> [webpack.Progress] 75% sealing chunk optimization RemoveEmptyChunksPlugin
<s> [webpack.Progress] 75% sealing chunk optimization MergeDuplicateChunksPlugin
<s> [webpack.Progress] 75% sealing chunk optimization SplitChunksPlugin
<s> [webpack.Progress] 75% sealing chunk optimization RemoveEmptyChunksPlugin
<s> [webpack.Progress] 75% sealing chunk optimization
<s> [webpack.Progress] 76% sealing after chunk optimization
<s> [webpack.Progress] 76% sealing after chunk optimization
<s> [webpack.Progress] 77% sealing module and chunk tree optimization
<s> [webpack.Progress] 77% sealing module and chunk tree optimization PersistentChildCompilerSingletonPlugin
<s> [webpack.Progress] 77% sealing module and chunk tree optimization
<s> [webpack.Progress] 77% sealing after module and chunk tree optimization
<s> [webpack.Progress] 77% sealing after module and chunk tree optimization
<s> [webpack.Progress] 78% sealing chunk modules optimization
<s> [webpack.Progress] 78% sealing chunk modules optimization ModuleConcatenationPlugin
<s> [webpack.Progress] 78% sealing chunk modules optimization
<s> [webpack.Progress] 78% sealing after chunk modules optimization
<s> [webpack.Progress] 78% sealing after chunk modules optimization
<s> [webpack.Progress] 79% sealing module reviving
<s> [webpack.Progress] 79% sealing module reviving RecordIdsPlugin
<s> [webpack.Progress] 79% sealing module reviving
<s> [webpack.Progress] 80% sealing before module ids
<s> [webpack.Progress] 80% sealing before module ids
<s> [webpack.Progress] 80% sealing module ids
<s> [webpack.Progress] 80% sealing module ids NamedModuleIdsPlugin
<s> [webpack.Progress] 80% sealing module ids
<s> [webpack.Progress] 81% sealing module id optimization
<s> [webpack.Progress] 81% sealing module id optimization
<s> [webpack.Progress] 82% sealing module id optimization
<s> [webpack.Progress] 82% sealing module id optimization
<s> [webpack.Progress] 82% sealing chunk reviving
<s> [webpack.Progress] 82% sealing chunk reviving RecordIdsPlugin
<s> [webpack.Progress] 82% sealing chunk reviving
<s> [webpack.Progress] 83% sealing before chunk ids
<s> [webpack.Progress] 83% sealing before chunk ids
<s> [webpack.Progress] 84% sealing chunk ids
<s> [webpack.Progress] 84% sealing chunk ids DeterministicChunkIdsPlugin
<s> [webpack.Progress] 84% sealing chunk ids
<s> [webpack.Progress] 84% sealing chunk id optimization
<s> [webpack.Progress] 84% sealing chunk id optimization FlagIncludedChunksPlugin
<s> [webpack.Progress] 84% sealing chunk id optimization
<s> [webpack.Progress] 85% sealing after chunk id optimization
<s> [webpack.Progress] 85% sealing after chunk id optimization
<s> [webpack.Progress] 87% sealing module hashing
<s> [webpack.Progress] 87% sealing module hashing
<s> [webpack.Progress] 87% sealing code generation
<s> [webpack.Progress] 87% sealing code generation
<s> [webpack.Progress] 88% sealing runtime requirements
<s> [webpack.Progress] 88% sealing runtime requirements
<s> [webpack.Progress] 89% sealing hashing
<s> [webpack.Progress] 89% sealing hashing
<s> [webpack.Progress] 89% sealing after hashing
<s> [webpack.Progress] 89% sealing after hashing
<s> [webpack.Progress] 91% sealing module assets processing
<s> [webpack.Progress] 91% sealing module assets processing
<s> [webpack.Progress] 91% sealing chunk assets processing
<s> [webpack.Progress] 91% sealing chunk assets processing
<s> [webpack.Progress] 92% sealing asset processing
<s> [webpack.Progress] 92% sealing asset processing PersistentChildCompilerSingletonPlugin
<s> [webpack.Progress] 92% sealing asset processing TerserPlugin
<s> [webpack.Progress] 92% sealing asset processing SourceMapDevToolPlugin
<s> [webpack.Progress] 92% sealing asset processing SourceMapDevToolPlugin
<s> [webpack.Progress] 92% sealing asset processing SourceMapDevToolPlugin main.7adb8964.iframe.bundle.js generate SourceMap
<s> [webpack.Progress] 92% sealing asset processing SourceMapDevToolPlugin main.7adb8964.iframe.bundle.js generated SourceMap
<s> [webpack.Progress] 92% sealing asset processing SourceMapDevToolPlugin runtime~main.83269164.iframe.bundle.js generate SourceMap
<s> [webpack.Progress] 92% sealing asset processing SourceMapDevToolPlugin runtime~main.83269164.iframe.bundle.js generated SourceMap
<s> [webpack.Progress] 92% sealing asset processing SourceMapDevToolPlugin Introduction-mdx.9c0121d1.iframe.bundle.js generate SourceMap
<s> [webpack.Progress] 92% sealing asset processing SourceMapDevToolPlugin Introduction-mdx.9c0121d1.iframe.bundle.js generated SourceMap
<s> [webpack.Progress] 92% sealing asset processing SourceMapDevToolPlugin Buttons-stories.408bd064.iframe.bundle.js generate SourceMap
<s> [webpack.Progress] 92% sealing asset processing SourceMapDevToolPlugin Buttons-stories.408bd064.iframe.bundle.js generated SourceMap
<s> [webpack.Progress] 92% sealing asset processing SourceMapDevToolPlugin DataGrid-stories.4a07a6a9.iframe.bundle.js generate SourceMap
<s> [webpack.Progress] 92% sealing asset processing SourceMapDevToolPlugin DataGrid-stories.4a07a6a9.iframe.bundle.js generated SourceMap
<s> [webpack.Progress] 92% sealing asset processing SourceMapDevToolPlugin Dialogs-stories.7649c3d2.iframe.bundle.js generate SourceMap
<s> [webpack.Progress] 92% sealing asset processing SourceMapDevToolPlugin Dialogs-stories.7649c3d2.iframe.bundle.js generated SourceMap
<s> [webpack.Progress] 92% sealing asset processing SourceMapDevToolPlugin Dropdowns-stories.40215770.iframe.bundle.js generate SourceMap
<s> [webpack.Progress] 92% sealing asset processing SourceMapDevToolPlugin Dropdowns-stories.40215770.iframe.bundle.js generated SourceMap
<s> [webpack.Progress] 92% sealing asset processing SourceMapDevToolPlugin Fields-stories.cf78cc1f.iframe.bundle.js generate SourceMap
<s> [webpack.Progress] 92% sealing asset processing SourceMapDevToolPlugin Fields-stories.cf78cc1f.iframe.bundle.js generated SourceMap
<s> [webpack.Progress] 92% sealing asset processing SourceMapDevToolPlugin Headers-stories.749fe625.iframe.bundle.js generate SourceMap
<s> [webpack.Progress] 92% sealing asset processing SourceMapDevToolPlugin Headers-stories.749fe625.iframe.bundle.js generated SourceMap
<s> [webpack.Progress] 92% sealing asset processing SourceMapDevToolPlugin Inputs-stories.17ecdc09.iframe.bundle.js generate SourceMap
<s> [webpack.Progress] 92% sealing asset processing SourceMapDevToolPlugin Inputs-stories.17ecdc09.iframe.bundle.js generated SourceMap
<s> [webpack.Progress] 92% sealing asset processing SourceMapDevToolPlugin 960.4b965b1c.iframe.bundle.js generate SourceMap
<s> [webpack.Progress] 92% sealing asset processing SourceMapDevToolPlugin 960.4b965b1c.iframe.bundle.js generated SourceMap
<s> [webpack.Progress] 92% sealing asset processing SourceMapDevToolPlugin 333.478d0555.iframe.bundle.js generate SourceMap
<s> [webpack.Progress] 92% sealing asset processing SourceMapDevToolPlugin 333.478d0555.iframe.bundle.js generated SourceMap
<s> [webpack.Progress] 92% sealing asset processing SourceMapDevToolPlugin 58.534f091f.iframe.bundle.js generate SourceMap
<s> [webpack.Progress] 92% sealing asset processing SourceMapDevToolPlugin 58.534f091f.iframe.bundle.js generated SourceMap
<s> [webpack.Progress] 92% sealing asset processing SourceMapDevToolPlugin 463.9b6d036a.iframe.bundle.js generate SourceMap
<s> [webpack.Progress] 92% sealing asset processing SourceMapDevToolPlugin 463.9b6d036a.iframe.bundle.js generated SourceMap
<s> [webpack.Progress] 92% sealing asset processing SourceMapDevToolPlugin 661.65358298.iframe.bundle.js generate SourceMap
<s> [webpack.Progress] 92% sealing asset processing SourceMapDevToolPlugin 661.65358298.iframe.bundle.js generated SourceMap
<s> [webpack.Progress] 92% sealing asset processing SourceMapDevToolPlugin 923.8c444f93.iframe.bundle.js generate SourceMap
<s> [webpack.Progress] 92% sealing asset processing SourceMapDevToolPlugin 923.8c444f93.iframe.bundle.js generated SourceMap
<s> [webpack.Progress] 92% sealing asset processing SourceMapDevToolPlugin 688.cdf5c071.iframe.bundle.js generate SourceMap
<s> [webpack.Progress] 92% sealing asset processing SourceMapDevToolPlugin 688.cdf5c071.iframe.bundle.js generated SourceMap
<s> [webpack.Progress] 92% sealing asset processing SourceMapDevToolPlugin 433.60d6f593.iframe.bundle.js generate SourceMap
<s> [webpack.Progress] 92% sealing asset processing SourceMapDevToolPlugin 433.60d6f593.iframe.bundle.js generated SourceMap
<s> [webpack.Progress] 92% sealing asset processing SourceMapDevToolPlugin 817.708ed150.iframe.bundle.js generate SourceMap
<s> [webpack.Progress] 92% sealing asset processing SourceMapDevToolPlugin 817.708ed150.iframe.bundle.js generated SourceMap
<s> [webpack.Progress] 92% sealing asset processing SourceMapDevToolPlugin 647.f8ad779e.iframe.bundle.js generate SourceMap
<s> [webpack.Progress] 92% sealing asset processing SourceMapDevToolPlugin 647.f8ad779e.iframe.bundle.js generated SourceMap
<s> [webpack.Progress] 92% sealing asset processing SourceMapDevToolPlugin 622.2fdf6fdc.iframe.bundle.js generate SourceMap
<s> [webpack.Progress] 92% sealing asset processing SourceMapDevToolPlugin 622.2fdf6fdc.iframe.bundle.js generated SourceMap
<s> [webpack.Progress] 92% sealing asset processing SourceMapDevToolPlugin 91.909d7a1b.iframe.bundle.js generate SourceMap
<s> [webpack.Progress] 92% sealing asset processing SourceMapDevToolPlugin 91.909d7a1b.iframe.bundle.js generated SourceMap
<s> [webpack.Progress] 92% sealing asset processing SourceMapDevToolPlugin 132.962fc209.iframe.bundle.js generate SourceMap
<s> [webpack.Progress] 92% sealing asset processing SourceMapDevToolPlugin 132.962fc209.iframe.bundle.js generated SourceMap
<s> [webpack.Progress] 92% sealing asset processing SourceMapDevToolPlugin 97.20062e2e.iframe.bundle.js generate SourceMap
<s> [webpack.Progress] 92% sealing asset processing SourceMapDevToolPlugin 97.20062e2e.iframe.bundle.js generated SourceMap
<s> [webpack.Progress] 92% sealing asset processing SourceMapDevToolPlugin 582.c5bb0b01.iframe.bundle.js generate SourceMap
<s> [webpack.Progress] 92% sealing asset processing SourceMapDevToolPlugin 582.c5bb0b01.iframe.bundle.js generated SourceMap
<s> [webpack.Progress] 92% sealing asset processing SourceMapDevToolPlugin 401.9852dc1c.iframe.bundle.js generate SourceMap
<s> [webpack.Progress] 92% sealing asset processing SourceMapDevToolPlugin 401.9852dc1c.iframe.bundle.js generated SourceMap
<s> [webpack.Progress] 92% sealing asset processing SourceMapDevToolPlugin 446.9bd72507.iframe.bundle.js generate SourceMap
<s> [webpack.Progress] 92% sealing asset processing SourceMapDevToolPlugin 446.9bd72507.iframe.bundle.js generated SourceMap
<s> [webpack.Progress] 92% sealing asset processing SourceMapDevToolPlugin 183.736ca8ba.iframe.bundle.js generate SourceMap
<s> [webpack.Progress] 92% sealing asset processing SourceMapDevToolPlugin 183.736ca8ba.iframe.bundle.js generated SourceMap
<s> [webpack.Progress] 92% sealing asset processing SourceMapDevToolPlugin 348.22742c92.iframe.bundle.js generate SourceMap
<s> [webpack.Progress] 92% sealing asset processing SourceMapDevToolPlugin 348.22742c92.iframe.bundle.js generated SourceMap
<s> [webpack.Progress] 92% sealing asset processing SourceMapDevToolPlugin 269.662563a9.iframe.bundle.js generate SourceMap
<s> [webpack.Progress] 92% sealing asset processing SourceMapDevToolPlugin 269.662563a9.iframe.bundle.js generated SourceMap
<s> [webpack.Progress] 92% sealing asset processing SourceMapDevToolPlugin 723.329017d2.iframe.bundle.js generate SourceMap
<s> [webpack.Progress] 92% sealing asset processing SourceMapDevToolPlugin 723.329017d2.iframe.bundle.js generated SourceMap
<s> [webpack.Progress] 92% sealing asset processing SourceMapDevToolPlugin 298.31696d92.iframe.bundle.js generate SourceMap
<s> [webpack.Progress] 92% sealing asset processing SourceMapDevToolPlugin 298.31696d92.iframe.bundle.js generated SourceMap
<s> [webpack.Progress] 92% sealing asset processing SourceMapDevToolPlugin resolve sources
<s> [webpack.Progress] 92% sealing asset processing SourceMapDevToolPlugin 463.9b6d036a.iframe.bundle.js attach SourceMap
<s> [webpack.Progress] 92% sealing asset processing SourceMapDevToolPlugin 463.9b6d036a.iframe.bundle.js attached SourceMap
<s> [webpack.Progress] 92% sealing asset processing SourceMapDevToolPlugin 582.c5bb0b01.iframe.bundle.js attach SourceMap
<s> [webpack.Progress] 92% sealing asset processing SourceMapDevToolPlugin 582.c5bb0b01.iframe.bundle.js attached SourceMap
<s> [webpack.Progress] 92% sealing asset processing SourceMapDevToolPlugin 446.9bd72507.iframe.bundle.js attach SourceMap
<s> [webpack.Progress] 92% sealing asset processing SourceMapDevToolPlugin 446.9bd72507.iframe.bundle.js attached SourceMap
<s> [webpack.Progress] 92% sealing asset processing SourceMapDevToolPlugin
<s> [webpack.Progress] 92% sealing asset processing SourceMapDevToolPlugin
<s> [webpack.Progress] 92% sealing asset processing SourceMapDevToolPlugin resolve sources
<s> [webpack.Progress] 92% sealing asset processing SourceMapDevToolPlugin
<s> [webpack.Progress] 92% sealing asset processing HtmlWebpackPlugin
<s> [webpack.Progress] 92% sealing asset processing HtmlWebpackPlugin
<s> [webpack.Progress] 92% sealing asset processing HtmlWebpackPlugin resolve sources
<s> [webpack.Progress] 92% sealing asset processing HtmlWebpackPlugin
<s> [webpack.Progress] 92% sealing asset processing RealContentHashPlugin
<s> [webpack.Progress] 92% sealing asset processing RealContentHashPlugin
<s> [webpack.Progress] 92% sealing asset processing RealContentHashPlugin main.0193f1b9.iframe.bundle.js generate SourceMap
<s> [webpack.Progress] 92% sealing asset processing RealContentHashPlugin main.0193f1b9.iframe.bundle.js generated SourceMap
<s> [webpack.Progress] 92% sealing asset processing RealContentHashPlugin runtime~main.7a706a11.iframe.bundle.js generate SourceMap
<s> [webpack.Progress] 92% sealing asset processing RealContentHashPlugin runtime~main.7a706a11.iframe.bundle.js generated SourceMap
<s> [webpack.Progress] 92% sealing asset processing RealContentHashPlugin Introduction-mdx.d7c4f9f9.iframe.bundle.js generate SourceMap
<s> [webpack.Progress] 92% sealing asset processing RealContentHashPlugin Introduction-mdx.d7c4f9f9.iframe.bundle.js generated SourceMap
<s> [webpack.Progress] 92% sealing asset processing RealContentHashPlugin Buttons-stories.a6e0ae36.iframe.bundle.js generate SourceMap
<s> [webpack.Progress] 92% sealing asset processing RealContentHashPlugin Buttons-stories.a6e0ae36.iframe.bundle.js generated SourceMap
<s> [webpack.Progress] 92% sealing asset processing RealContentHashPlugin DataGrid-stories.47b8f5eb.iframe.bundle.js generate SourceMap
<s> [webpack.Progress] 92% sealing asset processing RealContentHashPlugin DataGrid-stories.47b8f5eb.iframe.bundle.js generated SourceMap
<s> [webpack.Progress] 92% sealing asset processing RealContentHashPlugin Dialogs-stories.61620ac1.iframe.bundle.js generate SourceMap
<s> [webpack.Progress] 92% sealing asset processing RealContentHashPlugin Dialogs-stories.61620ac1.iframe.bundle.js generated SourceMap
<s> [webpack.Progress] 92% sealing asset processing RealContentHashPlugin Dropdowns-stories.a89b18b6.iframe.bundle.js generate SourceMap
<s> [webpack.Progress] 92% sealing asset processing RealContentHashPlugin Dropdowns-stories.a89b18b6.iframe.bundle.js generated SourceMap
<s> [webpack.Progress] 92% sealing asset processing RealContentHashPlugin Fields-stories.fdad2560.iframe.bundle.js generate SourceMap
<s> [webpack.Progress] 92% sealing asset processing RealContentHashPlugin Fields-stories.fdad2560.iframe.bundle.js generated SourceMap
<s> [webpack.Progress] 92% sealing asset processing RealContentHashPlugin Headers-stories.df1ef1af.iframe.bundle.js generate SourceMap
<s> [webpack.Progress] 92% sealing asset processing RealContentHashPlugin Headers-stories.df1ef1af.iframe.bundle.js generated SourceMap
<s> [webpack.Progress] 92% sealing asset processing RealContentHashPlugin Inputs-stories.31cb6fdf.iframe.bundle.js generate SourceMap
<s> [webpack.Progress] 92% sealing asset processing RealContentHashPlugin Inputs-stories.31cb6fdf.iframe.bundle.js generated SourceMap
<s> [webpack.Progress] 92% sealing asset processing RealContentHashPlugin 960.af4cee24.iframe.bundle.js generate SourceMap
<s> [webpack.Progress] 92% sealing asset processing RealContentHashPlugin 960.af4cee24.iframe.bundle.js generated SourceMap
<s> [webpack.Progress] 92% sealing asset processing RealContentHashPlugin 333.9983d0b1.iframe.bundle.js generate SourceMap
<s> [webpack.Progress] 92% sealing asset processing RealContentHashPlugin 333.9983d0b1.iframe.bundle.js generated SourceMap
<s> [webpack.Progress] 92% sealing asset processing RealContentHashPlugin 58.ce5d8ff9.iframe.bundle.js generate SourceMap
<s> [webpack.Progress] 92% sealing asset processing RealContentHashPlugin 58.ce5d8ff9.iframe.bundle.js generated SourceMap
<s> [webpack.Progress] 92% sealing asset processing RealContentHashPlugin 661.192d0560.iframe.bundle.js generate SourceMap
<s> [webpack.Progress] 92% sealing asset processing RealContentHashPlugin 661.192d0560.iframe.bundle.js generated SourceMap
<s> [webpack.Progress] 92% sealing asset processing RealContentHashPlugin 923.73f3ea28.iframe.bundle.js generate SourceMap
<s> [webpack.Progress] 92% sealing asset processing RealContentHashPlugin 923.73f3ea28.iframe.bundle.js generated SourceMap
<s> [webpack.Progress] 92% sealing asset processing RealContentHashPlugin 688.367e5e01.iframe.bundle.js generate SourceMap
<s> [webpack.Progress] 92% sealing asset processing RealContentHashPlugin 688.367e5e01.iframe.bundle.js generated SourceMap
<s> [webpack.Progress] 92% sealing asset processing RealContentHashPlugin 433.54f43725.iframe.bundle.js generate SourceMap
<s> [webpack.Progress] 92% sealing asset processing RealContentHashPlugin 433.54f43725.iframe.bundle.js generated SourceMap
<s> [webpack.Progress] 92% sealing asset processing RealContentHashPlugin 817.6e2706b4.iframe.bundle.js generate SourceMap
<s> [webpack.Progress] 92% sealing asset processing RealContentHashPlugin 817.6e2706b4.iframe.bundle.js generated SourceMap
<s> [webpack.Progress] 92% sealing asset processing RealContentHashPlugin 622.ce2f7a07.iframe.bundle.js generate SourceMap
<s> [webpack.Progress] 92% sealing asset processing RealContentHashPlugin 622.ce2f7a07.iframe.bundle.js generated SourceMap
<s> [webpack.Progress] 92% sealing asset processing RealContentHashPlugin 132.bb772f14.iframe.bundle.js generate SourceMap
<s> [webpack.Progress] 92% sealing asset processing RealContentHashPlugin 132.bb772f14.iframe.bundle.js generated SourceMap
<s> [webpack.Progress] 92% sealing asset processing RealContentHashPlugin 97.a15740bf.iframe.bundle.js generate SourceMap
<s> [webpack.Progress] 92% sealing asset processing RealContentHashPlugin 97.a15740bf.iframe.bundle.js generated SourceMap
<s> [webpack.Progress] 92% sealing asset processing RealContentHashPlugin 401.2178d035.iframe.bundle.js generate SourceMap
<s> [webpack.Progress] 92% sealing asset processing RealContentHashPlugin 401.2178d035.iframe.bundle.js generated SourceMap
<s> [webpack.Progress] 92% sealing asset processing RealContentHashPlugin 183.d5ad6f02.iframe.bundle.js generate SourceMap
<s> [webpack.Progress] 92% sealing asset processing RealContentHashPlugin 183.d5ad6f02.iframe.bundle.js generated SourceMap
<s> [webpack.Progress] 92% sealing asset processing RealContentHashPlugin 348.e81669be.iframe.bundle.js generate SourceMap
<s> [webpack.Progress] 92% sealing asset processing RealContentHashPlugin 348.e81669be.iframe.bundle.js generated SourceMap
<s> [webpack.Progress] 92% sealing asset processing RealContentHashPlugin 269.1a179dc6.iframe.bundle.js generate SourceMap
<s> [webpack.Progress] 92% sealing asset processing RealContentHashPlugin 269.1a179dc6.iframe.bundle.js generated SourceMap
<s> [webpack.Progress] 92% sealing asset processing RealContentHashPlugin 723.a2fe14ca.iframe.bundle.js generate SourceMap
<s> [webpack.Progress] 92% sealing asset processing RealContentHashPlugin 723.a2fe14ca.iframe.bundle.js generated SourceMap
<s> [webpack.Progress] 92% sealing asset processing RealContentHashPlugin 298.9a448ee2.iframe.bundle.js generate SourceMap
<s> [webpack.Progress] 92% sealing asset processing RealContentHashPlugin 298.9a448ee2.iframe.bundle.js generated SourceMap
<s> [webpack.Progress] 92% sealing asset processing RealContentHashPlugin 647.a189e2ae.iframe.bundle.js generate SourceMap
<s> [webpack.Progress] 92% sealing asset processing RealContentHashPlugin 647.a189e2ae.iframe.bundle.js generated SourceMap
<s> [webpack.Progress] 92% sealing asset processing RealContentHashPlugin 91.8c1d81bc.iframe.bundle.js generate SourceMap
<s> [webpack.Progress] 92% sealing asset processing RealContentHashPlugin 91.8c1d81bc.iframe.bundle.js generated SourceMap
<s> [webpack.Progress] 92% sealing asset processing RealContentHashPlugin resolve sources
<s> [webpack.Progress] 92% sealing asset processing RealContentHashPlugin
<s> [webpack.Progress] 92% sealing asset processing
<s> [webpack.Progress] 93% sealing after asset optimization
<s> [webpack.Progress] 93% sealing after asset optimization
<s> [webpack.Progress] 94% sealing after seal
<s> [webpack.Progress] 94% sealing after seal
<s> [webpack.Progress] 99% done plugins
<s> [webpack.Progress] 99% done plugins CaseSensitivePathsPlugin
<s> [webpack.Progress] 99% done plugins
<s> [webpack.Progress] 99% 

<s> [webpack.Progress] 99% cache begin idle
<s> [webpack.Progress] 99% cache begin idle
<s> [webpack.Progress] 100% 

ERR! => Failed to build the preview
ERR! Module build failed (from ./node_modules/babel-loader/lib/index.js):
ERR! SyntaxError: /Users/jacobcounsell/Documents/GitHub/ND_Design/stories/Fields.jsx: Identifier 'Field' has already been declared. (9:15)
ERR! 
ERR!    7 |   import PropTypes from 'prop-types';
ERR!    8 |     
ERR! >  9 |   export const Field = ({ }) => {
ERR!      |                ^
ERR!   10 |       return (
ERR!   11 |             <Field>
ERR!   12 |     <Input />
ERR!     at instantiate (/Users/jacobcounsell/Documents/GitHub/ND_Design/node_modules/@babel/parser/lib/index.js:653:32)
ERR!     at constructor (/Users/jacobcounsell/Documents/GitHub/ND_Design/node_modules/@babel/parser/lib/index.js:947:12)
ERR!     at JSXParserMixin.raise (/Users/jacobcounsell/Documents/GitHub/ND_Design/node_modules/@babel/parser/lib/index.js:3271:19)
ERR!     at ScopeHandler.checkRedeclarationInScope (/Users/jacobcounsell/Documents/GitHub/ND_Design/node_modules/@babel/parser/lib/index.js:1557:19)
ERR!     at ScopeHandler.declareName (/Users/jacobcounsell/Documents/GitHub/ND_Design/node_modules/@babel/parser/lib/index.js:1528:12)
ERR!     at JSXParserMixin.declareNameFromIdentifier (/Users/jacobcounsell/Documents/GitHub/ND_Design/node_modules/@babel/parser/lib/index.js:7545:16)
ERR!     at JSXParserMixin.checkIdentifier (/Users/jacobcounsell/Documents/GitHub/ND_Design/node_modules/@babel/parser/lib/index.js:7541:12)
ERR!     at JSXParserMixin.checkLVal (/Users/jacobcounsell/Documents/GitHub/ND_Design/node_modules/@babel/parser/lib/index.js:7480:12)
ERR!     at JSXParserMixin.parseVarId (/Users/jacobcounsell/Documents/GitHub/ND_Design/node_modules/@babel/parser/lib/index.js:13227:10)
ERR!     at JSXParserMixin.parseVar (/Users/jacobcounsell/Documents/GitHub/ND_Design/node_modules/@babel/parser/lib/index.js:13200:12)
ERR!     at JSXParserMixin.parseVarStatement (/Users/jacobcounsell/Documents/GitHub/ND_Design/node_modules/@babel/parser/lib/index.js:13040:10)
ERR!     at JSXParserMixin.parseStatementContent (/Users/jacobcounsell/Documents/GitHub/ND_Design/node_modules/@babel/parser/lib/index.js:12637:23)
ERR!     at JSXParserMixin.parseStatementLike (/Users/jacobcounsell/Documents/GitHub/ND_Design/node_modules/@babel/parser/lib/index.js:12557:17)
ERR!     at JSXParserMixin.parseStatementListItem (/Users/jacobcounsell/Documents/GitHub/ND_Design/node_modules/@babel/parser/lib/index.js:12537:17)
ERR!     at JSXParserMixin.parseExportDeclaration (/Users/jacobcounsell/Documents/GitHub/ND_Design/node_modules/@babel/parser/lib/index.js:13780:17)
ERR!     at JSXParserMixin.maybeParseExportDeclaration (/Users/jacobcounsell/Documents/GitHub/ND_Design/node_modules/@babel/parser/lib/index.js:13735:31)
ERR!     at JSXParserMixin.parseExport (/Users/jacobcounsell/Documents/GitHub/ND_Design/node_modules/@babel/parser/lib/index.js:13659:29)
ERR!     at JSXParserMixin.parseStatementContent (/Users/jacobcounsell/Documents/GitHub/ND_Design/node_modules/@babel/parser/lib/index.js:12669:27)
ERR!     at JSXParserMixin.parseStatementLike (/Users/jacobcounsell/Documents/GitHub/ND_Design/node_modules/@babel/parser/lib/index.js:12557:17)
ERR!     at JSXParserMixin.parseModuleItem (/Users/jacobcounsell/Documents/GitHub/ND_Design/node_modules/@babel/parser/lib/index.js:12534:17)
ERR!     at JSXParserMixin.parseBlockOrModuleBlockBody (/Users/jacobcounsell/Documents/GitHub/ND_Design/node_modules/@babel/parser/lib/index.js:13129:36)
ERR!     at JSXParserMixin.parseBlockBody (/Users/jacobcounsell/Documents/GitHub/ND_Design/node_modules/@babel/parser/lib/index.js:13122:10)
ERR!     at JSXParserMixin.parseProgram (/Users/jacobcounsell/Documents/GitHub/ND_Design/node_modules/@babel/parser/lib/index.js:12445:10)
ERR!     at JSXParserMixin.parseTopLevel (/Users/jacobcounsell/Documents/GitHub/ND_Design/node_modules/@babel/parser/lib/index.js:12435:25)
ERR!     at JSXParserMixin.parse (/Users/jacobcounsell/Documents/GitHub/ND_Design/node_modules/@babel/parser/lib/index.js:14258:10)
ERR!     at parse (/Users/jacobcounsell/Documents/GitHub/ND_Design/node_modules/@babel/parser/lib/index.js:14278:26)
ERR!     at parser (/Users/jacobcounsell/Documents/GitHub/ND_Design/node_modules/@babel/core/lib/parser/index.js:41:34)
ERR!     at parser.next (<anonymous>)
ERR!     at normalizeFile (/Users/jacobcounsell/Documents/GitHub/ND_Design/node_modules/@babel/core/lib/transformation/normalize-file.js:64:38)
ERR!     at normalizeFile.next (<anonymous>)
ERR!     at run (/Users/jacobcounsell/Documents/GitHub/ND_Design/node_modules/@babel/core/lib/transformation/index.js:21:50)
ERR!     at run.next (<anonymous>)
ERR!     at transform (/Users/jacobcounsell/Documents/GitHub/ND_Design/node_modules/@babel/core/lib/transform.js:22:41)
ERR!     at transform.next (<anonymous>)
ERR!     at step (/Users/jacobcounsell/Documents/GitHub/ND_Design/node_modules/gensync/index.js:261:32)
ERR!     at /Users/jacobcounsell/Documents/GitHub/ND_Design/node_modules/gensync/index.js:273:13
ERR!     at async.call.result.err.err (/Users/jacobcounsell/Documents/GitHub/ND_Design/node_modules/gensync/index.js:223:11)
ERR! Critical dependency: require function is used in a way in which dependencies cannot be statically extracted
ERR! Critical dependency: require function is used in a way in which dependencies cannot be statically extracted
ERR! Critical dependency: require function is used in a way in which dependencies cannot be statically extracted
ERR! Critical dependency: require function is used in a way in which dependencies cannot be statically extracted
<s> [webpack.Progress] 99% cache shutdown
<s> [webpack.Progress] 99% cache shutdown
<s> [webpack.Progress] 100% 

ERR! Error: => Webpack failed, learn more with --debug-webpack
ERR!     at /Users/jacobcounsell/Documents/GitHub/ND_Design/node_modules/@storybook/builder-webpack5/dist/index.js:113:210
ERR!     at /Users/jacobcounsell/Documents/GitHub/ND_Design/node_modules/webpack/lib/HookWebpackError.js:40:5
ERR!     at Hook.eval [as callAsync] (eval at create (/Users/jacobcounsell/Documents/GitHub/ND_Design/node_modules/tapable/lib/HookCodeFactory.js:28:14), <anonymous>:11:1)
ERR!     at Hook.CALL_ASYNC_DELEGATE [as _callAsync] (/Users/jacobcounsell/Documents/GitHub/ND_Design/node_modules/tapable/lib/Hook.js:15:15)
ERR!     at Cache.shutdown (/Users/jacobcounsell/Documents/GitHub/ND_Design/node_modules/webpack/lib/Cache.js:116:25)
ERR!     at /Users/jacobcounsell/Documents/GitHub/ND_Design/node_modules/webpack/lib/Compiler.js:977:18
ERR!     at Hook.eval [as callAsync] (eval at create (/Users/jacobcounsell/Documents/GitHub/ND_Design/node_modules/tapable/lib/HookCodeFactory.js:28:14), <anonymous>:6:1)
ERR!     at Hook.CALL_ASYNC_DELEGATE [as _callAsync] (/Users/jacobcounsell/Documents/GitHub/ND_Design/node_modules/tapable/lib/Hook.js:15:15)
ERR!     at Compiler.close (/Users/jacobcounsell/Documents/GitHub/ND_Design/node_modules/webpack/lib/Compiler.js:972:25)
ERR!     at /Users/jacobcounsell/Documents/GitHub/ND_Design/node_modules/@storybook/builder-webpack5/dist/index.js:113:156
ERR!     at finalCallback (/Users/jacobcounsell/Documents/GitHub/ND_Design/node_modules/webpack/lib/Compiler.js:318:9)
ERR!     at /Users/jacobcounsell/Documents/GitHub/ND_Design/node_modules/webpack/lib/Compiler.js:333:18
ERR!     at Hook.eval [as callAsync] (eval at create (/Users/jacobcounsell/Documents/GitHub/ND_Design/node_modules/tapable/lib/HookCodeFactory.js:28:14), <anonymous>:23:1)
ERR!     at Hook.CALL_ASYNC_DELEGATE [as _callAsync] (/Users/jacobcounsell/Documents/GitHub/ND_Design/node_modules/tapable/lib/Hook.js:15:15)
ERR!     at onCompiled (/Users/jacobcounsell/Documents/GitHub/ND_Design/node_modules/webpack/lib/Compiler.js:330:25)
ERR!     at /Users/jacobcounsell/Documents/GitHub/ND_Design/node_modules/webpack/lib/Compiler.js:952:26
ERR!     at eval (eval at create (/Users/jacobcounsell/Documents/GitHub/ND_Design/node_modules/tapable/lib/HookCodeFactory.js:28:14), <anonymous>:13:1)
ERR!     at process.processTicksAndRejections (node:internal/process/task_queues:95:5)
ERR!  Error: => Webpack failed, learn more with --debug-webpack
ERR!     at /Users/jacobcounsell/Documents/GitHub/ND_Design/node_modules/@storybook/builder-webpack5/dist/index.js:113:210
ERR!     at /Users/jacobcounsell/Documents/GitHub/ND_Design/node_modules/webpack/lib/HookWebpackError.js:40:5
ERR!     at Hook.eval [as callAsync] (eval at create (/Users/jacobcounsell/Documents/GitHub/ND_Design/node_modules/tapable/lib/HookCodeFactory.js:28:14), <anonymous>:11:1)
ERR!     at Hook.CALL_ASYNC_DELEGATE [as _callAsync] (/Users/jacobcounsell/Documents/GitHub/ND_Design/node_modules/tapable/lib/Hook.js:15:15)
ERR!     at Cache.shutdown (/Users/jacobcounsell/Documents/GitHub/ND_Design/node_modules/webpack/lib/Cache.js:116:25)
ERR!     at /Users/jacobcounsell/Documents/GitHub/ND_Design/node_modules/webpack/lib/Compiler.js:977:18
ERR!     at Hook.eval [as callAsync] (eval at create (/Users/jacobcounsell/Documents/GitHub/ND_Design/node_modules/tapable/lib/HookCodeFactory.js:28:14), <anonymous>:6:1)
ERR!     at Hook.CALL_ASYNC_DELEGATE [as _callAsync] (/Users/jacobcounsell/Documents/GitHub/ND_Design/node_modules/tapable/lib/Hook.js:15:15)
ERR!     at Compiler.close (/Users/jacobcounsell/Documents/GitHub/ND_Design/node_modules/webpack/lib/Compiler.js:972:25)
ERR!     at /Users/jacobcounsell/Documents/GitHub/ND_Design/node_modules/@storybook/builder-webpack5/dist/index.js:113:156
ERR!     at finalCallback (/Users/jacobcounsell/Documents/GitHub/ND_Design/node_modules/webpack/lib/Compiler.js:318:9)
ERR!     at /Users/jacobcounsell/Documents/GitHub/ND_Design/node_modules/webpack/lib/Compiler.js:333:18
ERR!     at Hook.eval [as callAsync] (eval at create (/Users/jacobcounsell/Documents/GitHub/ND_Design/node_modules/tapable/lib/HookCodeFactory.js:28:14), <anonymous>:23:1)
ERR!     at Hook.CALL_ASYNC_DELEGATE [as _callAsync] (/Users/jacobcounsell/Documents/GitHub/ND_Design/node_modules/tapable/lib/Hook.js:15:15)
ERR!     at onCompiled (/Users/jacobcounsell/Documents/GitHub/ND_Design/node_modules/webpack/lib/Compiler.js:330:25)
ERR!     at /Users/jacobcounsell/Documents/GitHub/ND_Design/node_modules/webpack/lib/Compiler.js:952:26
ERR!     at eval (eval at create (/Users/jacobcounsell/Documents/GitHub/ND_Design/node_modules/tapable/lib/HookCodeFactory.js:28:14), <anonymous>:13:1)
ERR!     at process.processTicksAndRejections (node:internal/process/task_queues:95:5)
[?25l[2K[1G[36m?[39m [1mWould you like to help improve Storybook by sending anonymous crash reports?[22m [90m›[39m [90m(Y/n)[39m